<beans xmlns="http://www.springframework.org/schema/beans"
       xmlns:xsi="http://www.w3.org/2001/XMLSchema-instance"
       xmlns:context="http://www.springframework.org/schema/context"
       xsi:schemaLocation="http://www.springframework.org/schema/beans
        http://www.springframework.org/schema/beans/spring-beans.xsd
        http://www.springframework.org/schema/context
        http://www.springframework.org/schema/context/spring-context.xsd">

    <import resource="appconfig-mvc.xml"/>
    <import resource="appconfig-data.xml"/>

    <context:component-scan base-package="com.components.*"/>
    <context:property-placeholder location="classpath:application.properties"/>

</beans>
